Der Buildvorgang wurde am 29.01.2016 20:56:06 gestartet.
     1>Projekt "C:\Users\Hendrik\Dropbox\Uni\Projects\2015 - flexbox\CPP\source\flexboxCPP.vcxproj" auf Knoten "2", Build Ziel(e).
     1>ClCompile:
         C:\Program Files (x86)\Microsoft Visual Studio 12.0\VC\bin\x86_amd64\CL.exe /c /I"C:\Program Files\MATLAB\extern\include" /I"C:\Program Files\MATLAB\R2014a\extern\include" /I"C:\Program Files\MATLAB\R2014b\extern\include" /I..\common /Zi /nologo /W3 /WX- /Ox /Ob2 /Oi /Ot /GL /D WIN32 /D NDEBUG /D _WINDOWS /D _USRDLL /D _MBCS /D project_pnorm_EXPORTS /D _WINDLL /D _MBCS /Gm- /EHsc /MT /GS /Gy /Qpar /fp:precise /Zc:wchar_t /Zc:forScope /openmp /Fo"x64\Release\\" /Fd"x64\Release\vc120.pdb" /Gd /TP /errorReport:prompt functions.cpp
         functions.cpp
     1>functions.cpp(104): warning C4267: 'Initialisierung': Konvertierung von 'size_t' nach 'int', Datenverlust möglich
     1>functions.cpp(121): warning C4267: 'Initialisierung': Konvertierung von 'size_t' nach 'int', Datenverlust möglich
     1>functions.cpp(152): warning C4267: 'Initialisierung': Konvertierung von 'size_t' nach 'int', Datenverlust möglich
     1>functions.cpp(160): warning C4267: 'Initialisierung': Konvertierung von 'size_t' nach 'int', Datenverlust möglich
     1>functions.cpp(161): warning C4267: 'Initialisierung': Konvertierung von 'size_t' nach 'int', Datenverlust möglich
     1>functions.cpp(163): warning C4267: 'Argument': Konvertierung von 'size_t' nach 'const int', Datenverlust möglich
     1>functions.cpp(171): warning C4267: 'Initialisierung': Konvertierung von 'size_t' nach 'int', Datenverlust möglich
     1>functions.cpp(199): warning C4267: 'Initialisierung': Konvertierung von 'size_t' nach 'int', Datenverlust möglich
     1>functions.cpp(588): warning C4267: 'Initialisierung': Konvertierung von 'size_t' nach 'int', Datenverlust möglich
     1>functions.cpp(589): warning C4267: 'Initialisierung': Konvertierung von 'size_t' nach 'int', Datenverlust möglich
     1>functions.cpp(590): warning C4244: 'Initialisierung': Konvertierung von 'double' in 'float', möglicher Datenverlust
       ResourceCompile:
         C:\Program Files (x86)\Windows Kits\8.1\bin\x86\rc.exe /l"0x0409" /nologo /fo"x64\Release\flexboxCPP.res" flexboxCPP.rc 
     1>C:\Program Files (x86)\MSBuild\Microsoft.Cpp\v4.0\V120\Microsoft.CppBuild.targets(1193,5): warning MSB8012: TargetPath(C:\Users\Hendrik\Dropbox\Uni\Projects\2015 - flexbox\CPP\source\x64\Release\flexboxCPP.mexw64) does not match the Linker's OutputFile property value (C:\Users\Hendrik\Dropbox\Uni\Projects\2015 - flexbox\CPP\flexboxCPP.mexw64). This may cause your project to build incorrectly. To correct this, please make sure that $(OutDir), $(TargetName) and $(TargetExt) property values match the value specified in %(Link.OutputFile).
       Link:
         C:\Program Files (x86)\Microsoft Visual Studio 12.0\VC\bin\x86_amd64\link.exe /ERRORREPORT:PROMPT /OUT:"..\flexboxCPP.mexw64" /NOLOGO /LIBPATH:"C:\Program Files\MATLAB\extern\lib\win64\microsoft" /LIBPATH:"C:\Program Files\MATLAB\R2014a\extern\lib\win64\microsoft" /LIBPATH:"C:\Program Files\MATLAB\R2014b\extern\lib\win64\microsoft" libmex.lib libmx.lib kernel32.lib user32.lib gdi32.lib winspool.lib comdlg32.lib advapi32.lib shell32.lib ole32.lib oleaut32.lib uuid.lib odbc32.lib odbccp32.lib /DEF:"project.def" /MANIFEST /MANIFESTUAC:"level='asInvoker' uiAccess='false'" /manifest:embed /PDB:"x64\Release\flexboxCPP.pdb" /SUBSYSTEM:WINDOWS /OPT:REF /LTCG /TLBID:1 /DYNAMICBASE /NXCOMPAT /IMPLIB:"x64\Release\flexboxCPP.lib" /MACHINE:X64 /DLL x64\Release\flexboxCPP.res
         x64\Release\cubicInterpolation.obj
         x64\Release\functions.obj
         x64\Release\linearInterpolation.obj
         x64\Release\tools.obj
            Bibliothek "x64\Release\flexboxCPP.lib" und Objekt "x64\Release\flexboxCPP.exp" werden erstellt.
     1>flexboxCPP.exp : warning LNK4070: Die /OUT:manifold_op.dll-Direktive in .EXP weicht vom Ausgabedateinamen "..\flexboxCPP.mexw64" ab; Direktive wird ignoriert.
         Code wird generiert.
         Codegenerierung ist abgeschlossen.
     1>flexboxCPP.exp : warning LNK4070: Die /OUT:manifold_op.dll-Direktive in .EXP weicht vom Ausgabedateinamen "..\flexboxCPP.mexw64" ab; Direktive wird ignoriert.
         flexboxCPP.vcxproj -> C:\Users\Hendrik\Dropbox\Uni\Projects\2015 - flexbox\CPP\source\x64\Release\flexboxCPP.mexw64
     1>Die Erstellung des Projekts "C:\Users\Hendrik\Dropbox\Uni\Projects\2015 - flexbox\CPP\source\flexboxCPP.vcxproj" ist abgeschlossen, Build Ziel(e).

Build erfolgreich.

Verstrichene Zeit 00:00:01.95
