c:\users\hendrik\dropbox\uni\projects\2015 - flexbox\cpp\source\x64\debug\vc120.pdb
c:\users\hendrik\dropbox\uni\projects\2015 - flexbox\cpp\source\x64\debug\vc120.idb
c:\users\hendrik\dropbox\uni\projects\2015 - flexbox\cpp\source\x64\debug\cubicinterpolation.nativecodeanalysis.xml
c:\users\hendrik\dropbox\uni\projects\2015 - flexbox\cpp\source\x64\debug\functions.nativecodeanalysis.xml
c:\users\hendrik\dropbox\uni\projects\2015 - flexbox\cpp\source\x64\debug\linearinterpolation.nativecodeanalysis.xml
c:\users\hendrik\dropbox\uni\projects\2015 - flexbox\cpp\source\x64\debug\tools.nativecodeanalysis.xml
c:\users\hendrik\dropbox\uni\projects\2015 - flexbox\cpp\source\x64\debug\tools.obj
c:\users\hendrik\dropbox\uni\projects\2015 - flexbox\cpp\source\x64\debug\linearinterpolation.obj
c:\users\hendrik\dropbox\uni\projects\2015 - flexbox\cpp\source\x64\debug\functions.obj
c:\users\hendrik\dropbox\uni\projects\2015 - flexbox\cpp\source\x64\debug\cubicinterpolation.obj
c:\users\hendrik\dropbox\uni\projects\2015 - flexbox\cpp\flexboxcpp.lib
c:\users\hendrik\dropbox\uni\projects\2015 - flexbox\cpp\flexboxcpp.exp
c:\users\hendrik\dropbox\uni\projects\2015 - flexbox\cpp\source\x64\debug\flexboxcpp.res
c:\users\hendrik\dropbox\uni\projects\2015 - flexbox\cpp\source\x64\debug\nativecodeanalysis.read.1.tlog
c:\users\hendrik\dropbox\uni\projects\2015 - flexbox\cpp\source\x64\debug\vc.nativecodeanalysis.all.xml
c:\users\hendrik\dropbox\uni\projects\2015 - flexbox\cpp\source\x64\debug\flexboxcpp.tlog\cl.command.1.tlog
c:\users\hendrik\dropbox\uni\projects\2015 - flexbox\cpp\source\x64\debug\flexboxcpp.tlog\cl.read.1.tlog
c:\users\hendrik\dropbox\uni\projects\2015 - flexbox\cpp\source\x64\debug\flexboxcpp.tlog\cl.write.1.tlog
c:\users\hendrik\dropbox\uni\projects\2015 - flexbox\cpp\source\x64\debug\flexboxcpp.tlog\flexboxcpp.write.1u.tlog
c:\users\hendrik\dropbox\uni\projects\2015 - flexbox\cpp\source\x64\debug\flexboxcpp.tlog\link-cvtres.read.1.tlog
c:\users\hendrik\dropbox\uni\projects\2015 - flexbox\cpp\source\x64\debug\flexboxcpp.tlog\link-cvtres.write.1.tlog
c:\users\hendrik\dropbox\uni\projects\2015 - flexbox\cpp\source\x64\debug\flexboxcpp.tlog\link-mt.read.1.tlog
c:\users\hendrik\dropbox\uni\projects\2015 - flexbox\cpp\source\x64\debug\flexboxcpp.tlog\link-mt.write.1.tlog
c:\users\hendrik\dropbox\uni\projects\2015 - flexbox\cpp\source\x64\debug\flexboxcpp.tlog\link-rc.read.1.tlog
c:\users\hendrik\dropbox\uni\projects\2015 - flexbox\cpp\source\x64\debug\flexboxcpp.tlog\link-rc.write.1.tlog
c:\users\hendrik\dropbox\uni\projects\2015 - flexbox\cpp\source\x64\debug\flexboxcpp.tlog\link.command.1.tlog
c:\users\hendrik\dropbox\uni\projects\2015 - flexbox\cpp\source\x64\debug\flexboxcpp.tlog\link.read.1.tlog
c:\users\hendrik\dropbox\uni\projects\2015 - flexbox\cpp\source\x64\debug\flexboxcpp.tlog\link.write.1.tlog
c:\users\hendrik\dropbox\uni\projects\2015 - flexbox\cpp\source\x64\debug\flexboxcpp.tlog\rc.command.1.tlog
c:\users\hendrik\dropbox\uni\projects\2015 - flexbox\cpp\source\x64\debug\flexboxcpp.tlog\rc.read.1.tlog
c:\users\hendrik\dropbox\uni\projects\2015 - flexbox\cpp\source\x64\debug\flexboxcpp.tlog\rc.write.1.tlog
